\BOOKMARK [0][-]{init.0}{Front Page}{}% 1
\BOOKMARK [0][-]{contents.0}{Table of Contents}{}% 2
\BOOKMARK [0][-]{figures.0}{List of Figures}{}% 3
\BOOKMARK [0][-]{tables.0}{List of Tables}{}% 4
\BOOKMARK [0][-]{chapter.1}{1 Introduction}{}% 5
\BOOKMARK [1][-]{section.1.1}{1.1 Context and Motivation}{chapter.1}% 6
\BOOKMARK [1][-]{section.1.2}{1.2 Problem Statement and Goals}{chapter.1}% 7
\BOOKMARK [1][-]{section.1.3}{1.3 Structure of this Dissertation}{chapter.1}% 8
\BOOKMARK [0][-]{chapter.2}{2 Background and Literature Review}{}% 9
\BOOKMARK [1][-]{section.2.1}{2.1 Smart Cities and Intelligent Transportation Systems}{chapter.2}% 10
\BOOKMARK [1][-]{section.2.2}{2.2 Social Media Analytics}{chapter.2}% 11
\BOOKMARK [2][-]{subsection.2.2.1}{2.2.1 Twitter}{section.2.2}% 12
\BOOKMARK [2][-]{subsection.2.2.2}{2.2.2 Specificities of Twitter Services}{section.2.2}% 13
\BOOKMARK [2][-]{subsection.2.2.3}{2.2.3 Text Mining}{section.2.2}% 14
\BOOKMARK [1][-]{section.2.3}{2.3 Information Extraction}{chapter.2}% 15
\BOOKMARK [2][-]{subsection.2.3.1}{2.3.1 Name Entity Recognition and Name Entity Disambiguation}{section.2.3}% 16
\BOOKMARK [2][-]{subsection.2.3.2}{2.3.2 Content Filtering}{section.2.3}% 17
\BOOKMARK [2][-]{subsection.2.3.3}{2.3.3 Topic Modeling}{section.2.3}% 18
\BOOKMARK [1][-]{section.2.4}{2.4 Sentiment Analysis}{chapter.2}% 19
\BOOKMARK [2][-]{subsection.2.4.1}{2.4.1 Lexicon-based vs Machine-learning based}{section.2.4}% 20
\BOOKMARK [2][-]{subsection.2.4.2}{2.4.2 Aspect-based Sentiment Analysis}{section.2.4}% 21
\BOOKMARK [1][-]{section.2.5}{2.5 Conclusion}{chapter.2}% 22
\BOOKMARK [0][-]{chapter.3}{3 Proposed Solution}{}% 23
\BOOKMARK [1][-]{section.3.1}{3.1 Methodology}{chapter.3}% 24
\BOOKMARK [1][-]{section.3.2}{3.2 Framework}{chapter.3}% 25
\BOOKMARK [2][-]{subsection.3.2.1}{3.2.1 Architecture Design}{section.3.2}% 26
\BOOKMARK [2][-]{subsection.3.2.2}{3.2.2 Social Media Crawler Module}{section.3.2}% 27
\BOOKMARK [2][-]{subsection.3.2.3}{3.2.3 Preprocessing Module}{section.3.2}% 28
\BOOKMARK [2][-]{subsection.3.2.4}{3.2.4 Content Filtering Module}{section.3.2}% 29
\BOOKMARK [2][-]{subsection.3.2.5}{3.2.5 Aspect-based Sentiment Analysis Module}{section.3.2}% 30
\BOOKMARK [2][-]{subsection.3.2.6}{3.2.6 Aggregation Module and Analytics UI}{section.3.2}% 31
\BOOKMARK [0][-]{chapter.4}{4 Conclusions and Future Work}{}% 32
\BOOKMARK [1][-]{section.4.1}{4.1 Expected Contributions}{chapter.4}% 33
\BOOKMARK [1][-]{section.4.2}{4.2 Task Planning and Scheduling}{chapter.4}% 34
\BOOKMARK [0][-]{section*.12}{References}{}% 35
