\BOOKMARK [0][-]{init.0}{Front Page}{}% 1
\BOOKMARK [0][-]{contents.0}{Table of Contents}{}% 2
\BOOKMARK [0][-]{figures.0}{List of Figures}{}% 3
\BOOKMARK [0][-]{tables.0}{List of Tables}{}% 4
\BOOKMARK [0][-]{chapter.1}{1 Introduction}{}% 5
\BOOKMARK [1][-]{section.1.1}{1.1 Context and Motivation}{chapter.1}% 6
\BOOKMARK [1][-]{section.1.2}{1.2 Problem Statement}{chapter.1}% 7
\BOOKMARK [1][-]{section.1.3}{1.3 Goals and Expected Contributions}{chapter.1}% 8
\BOOKMARK [1][-]{section.1.4}{1.4 Publications}{chapter.1}% 9
\BOOKMARK [1][-]{section.1.5}{1.5 Dissertation Structure}{chapter.1}% 10
\BOOKMARK [0][-]{chapter.2}{2 Background and Literature Review}{}% 11
\BOOKMARK [1][-]{section.2.1}{2.1 Smart Cities and Intelligent Transportation Systems}{chapter.2}% 12
\BOOKMARK [0][-]{chapter.3}{3 Old Background and Literature Review}{}% 13
\BOOKMARK [1][-]{section.3.1}{3.1 Smart Cities and Intelligent Transportation Systems}{chapter.3}% 14
\BOOKMARK [1][-]{section.3.2}{3.2 Social Media Analytics}{chapter.3}% 15
\BOOKMARK [2][-]{subsection.3.2.1}{3.2.1 Twitter}{section.3.2}% 16
\BOOKMARK [1][-]{section.3.3}{3.3 Text Mining}{chapter.3}% 17
\BOOKMARK [1][-]{section.3.4}{3.4 Information Extraction}{chapter.3}% 18
\BOOKMARK [2][-]{subsection.3.4.1}{3.4.1 Name Entity Recognition and Name Entity Disambiguation}{section.3.4}% 19
\BOOKMARK [2][-]{subsection.3.4.2}{3.4.2 Content Filtering}{section.3.4}% 20
\BOOKMARK [2][-]{subsection.3.4.3}{3.4.3 Topic Modeling}{section.3.4}% 21
\BOOKMARK [1][-]{section.3.5}{3.5 Sentiment Analysis}{chapter.3}% 22
\BOOKMARK [2][-]{subsection.3.5.1}{3.5.1 Lexicon-based vs Machine-learning based}{section.3.5}% 23
\BOOKMARK [2][-]{subsection.3.5.2}{3.5.2 Aspect-based Sentiment Analysis}{section.3.5}% 24
\BOOKMARK [1][-]{section.3.6}{3.6 Conclusion}{chapter.3}% 25
\BOOKMARK [0][-]{chapter.4}{4 Framework}{}% 26
\BOOKMARK [1][-]{section.4.1}{4.1 Requirements}{chapter.4}% 27
\BOOKMARK [1][-]{section.4.2}{4.2 Architecture Overview}{chapter.4}% 28
\BOOKMARK [1][-]{section.4.3}{4.3 Data Collection}{chapter.4}% 29
\BOOKMARK [1][-]{section.4.4}{4.4 Data Preprocessing}{chapter.4}% 30
\BOOKMARK [1][-]{section.4.5}{4.5 Text Analytics}{chapter.4}% 31
\BOOKMARK [2][-]{subsection.4.5.1}{4.5.1 Travel-related Classification}{section.4.5}% 32
\BOOKMARK [2][-]{subsection.4.5.2}{4.5.2 Topic Modelling}{section.4.5}% 33
\BOOKMARK [2][-]{subsection.4.5.3}{4.5.3 Final Remarks}{section.4.5}% 34
\BOOKMARK [1][-]{section.4.6}{4.6 Data Storage and Aggregation}{chapter.4}% 35
\BOOKMARK [1][-]{section.4.7}{4.7 Visualization}{chapter.4}% 36
\BOOKMARK [1][-]{section.4.8}{4.8 Summary}{chapter.4}% 37
\BOOKMARK [0][-]{chapter.5}{5 Exploratory Data Analysis}{}% 38
\BOOKMARK [1][-]{section.5.1}{5.1 Geographic Distributions}{chapter.5}% 39
\BOOKMARK [1][-]{section.5.2}{5.2 Temporal Frequencies}{chapter.5}% 40
\BOOKMARK [1][-]{section.5.3}{5.3 Content Composition}{chapter.5}% 41
\BOOKMARK [1][-]{section.5.4}{5.4 Summary}{chapter.5}% 42
\BOOKMARK [0][-]{chapter.6}{6 Experiments}{}% 43
\BOOKMARK [1][-]{section.6.1}{6.1 Topic Modelling}{chapter.6}% 44
\BOOKMARK [2][-]{subsection.6.1.1}{6.1.1 Data Selection}{section.6.1}% 45
\BOOKMARK [2][-]{subsection.6.1.2}{6.1.2 Data Preparation}{section.6.1}% 46
\BOOKMARK [2][-]{subsection.6.1.3}{6.1.3 Features Selection}{section.6.1}% 47
\BOOKMARK [2][-]{subsection.6.1.4}{6.1.4 LDA Model Parametrization}{section.6.1}% 48
\BOOKMARK [2][-]{subsection.6.1.5}{6.1.5 Results and Analysis}{section.6.1}% 49
\BOOKMARK [2][-]{subsection.6.1.6}{6.1.6 Final Remarks}{section.6.1}% 50
\BOOKMARK [1][-]{section.6.2}{6.2 Portuguese Travel-related Classification}{chapter.6}% 51
\BOOKMARK [2][-]{subsection.6.2.1}{6.2.1 Data Selection}{section.6.2}% 52
\BOOKMARK [2][-]{subsection.6.2.2}{6.2.2 Data Preparation}{section.6.2}% 53
\BOOKMARK [2][-]{subsection.6.2.3}{6.2.3 Features Selection}{section.6.2}% 54
\BOOKMARK [2][-]{subsection.6.2.4}{6.2.4 Training and Test Datasets}{section.6.2}% 55
\BOOKMARK [2][-]{subsection.6.2.5}{6.2.5 Estimators and Evaluation Metrics}{section.6.2}% 56
\BOOKMARK [2][-]{subsection.6.2.6}{6.2.6 Results and Analysis}{section.6.2}% 57
\BOOKMARK [2][-]{subsection.6.2.7}{6.2.7 Final Remarks}{section.6.2}% 58
\BOOKMARK [1][-]{section.6.3}{6.3 English Travel-related Classification}{chapter.6}% 59
\BOOKMARK [2][-]{subsection.6.3.1}{6.3.1 Data Collection and Preparation}{section.6.3}% 60
\BOOKMARK [2][-]{subsection.6.3.2}{6.3.2 Features Selection}{section.6.3}% 61
\BOOKMARK [2][-]{subsection.6.3.3}{6.3.3 Training and Test Datasets}{section.6.3}% 62
\BOOKMARK [2][-]{subsection.6.3.4}{6.3.4 Classification}{section.6.3}% 63
\BOOKMARK [2][-]{subsection.6.3.5}{6.3.5 Preliminary Results}{section.6.3}% 64
\BOOKMARK [2][-]{subsection.6.3.6}{6.3.6 Leave-one-group-out}{section.6.3}% 65
\BOOKMARK [2][-]{subsection.6.3.7}{6.3.7 Concluding Remarks}{section.6.3}% 66
\BOOKMARK [1][-]{section.6.4}{6.4 Summary}{chapter.6}% 67
\BOOKMARK [0][-]{chapter.7}{7 Conclusions and Future Work}{}% 68
\BOOKMARK [1][-]{section.7.1}{7.1 Expected Contributions}{chapter.7}% 69
\BOOKMARK [1][-]{section.7.2}{7.2 Task Planning and Scheduling}{chapter.7}% 70
\BOOKMARK [0][-]{section*.43}{References}{}% 71
