This is pdfTeX, Version 3.14159265-2.6-1.40.16 (TeX Live 2015/Debian) (preloaded format=pdflatex 2017.6.15)  27 JUN 2017 22:01
entering extended mode
 restricted \write18 enabled.
 %&-line parsing enabled.
**mieic-en.tex
(./mieic-en.tex
LaTeX2e <2016/02/01>
Babel <3.9q> and hyphenation patterns for 81 language(s) loaded.
(/usr/share/texlive/texmf-dist/tex/latex/base/report.cls
Document Class: report 2014/09/29 v1.4h Standard LaTeX document class
(/usr/share/texlive/texmf-dist/tex/latex/base/size11.clo
File: size11.clo 2014/09/29 v1.4h Standard LaTeX file (size option)
)
\c@part=\count79
\c@chapter=\count80
\c@section=\count81
\c@subsection=\count82
\c@subsubsection=\count83
\c@paragraph=\count84
\c@subparagraph=\count85
\c@figure=\count86
\c@table=\count87
\abovecaptionskip=\skip41
\belowcaptionskip=\skip42
\bibindent=\dimen102
)
(/usr/share/texlive/texmf-dist/tex/latex/amsfonts/amssymb.sty
Package: amssymb 2013/01/14 v3.01 AMS font symbols

(/usr/share/texlive/texmf-dist/tex/latex/amsfonts/amsfonts.sty
Package: amsfonts 2013/01/14 v3.01 Basic AMSFonts support
\@emptytoks=\toks14
\symAMSa=\mathgroup4
\symAMSb=\mathgroup5
LaTeX Font Info:    Overwriting math alphabet `\mathfrak' in version `bold'
(Font)                  U/euf/m/n --> U/euf/b/n on input line 106.
))
(/usr/share/texlive/texmf-dist/tex/latex/multirow/multirow.sty
\bigstrutjot=\dimen103
)
(/usr/share/texlive/texmf-dist/tex/latex/tools/multicol.sty
Package: multicol 2015/08/19 v1.8n multicolumn formatting (FMi)
\c@tracingmulticols=\count88
\mult@box=\box26
\multicol@leftmargin=\dimen104
\c@unbalance=\count89
\c@collectmore=\count90
\doublecol@number=\count91
\multicoltolerance=\count92
\multicolpretolerance=\count93
\full@width=\dimen105
\page@free=\dimen106
\premulticols=\dimen107
\postmulticols=\dimen108
\multicolsep=\skip43
\multicolbaselineskip=\skip44
\partial@page=\box27
\last@line=\box28
\maxbalancingoverflow=\dimen109
\mult@rightbox=\box29
\mult@grightbox=\box30
\mult@gfirstbox=\box31
\mult@firstbox=\box32
\@tempa=\box33
\@tempa=\box34
\@tempa=\box35
\@tempa=\box36
\@tempa=\box37
\@tempa=\box38
\@tempa=\box39
\@tempa=\box40
\@tempa=\box41
\@tempa=\box42
\@tempa=\box43
\@tempa=\box44
\@tempa=\box45
\@tempa=\box46
\@tempa=\box47
\@tempa=\box48
\@tempa=\box49
\c@columnbadness=\count94
\c@finalcolumnbadness=\count95
\last@try=\dimen110
\multicolovershoot=\dimen111
\multicolundershoot=\dimen112
\mult@nat@firstbox=\box50
\colbreak@box=\box51
\mc@col@check@num=\count96
)
(/usr/share/texlive/texmf-dist/tex/latex/caption/caption.sty
Package: caption 2016/02/21 v3.3-144 Customizing captions (AR)

(/usr/share/texlive/texmf-dist/tex/latex/caption/caption3.sty
Package: caption3 2016/02/04 v1.7-139 caption3 kernel (AR)
Package caption3 Info: TeX engine: e-TeX on input line 67.

(/usr/share/texlive/texmf-dist/tex/latex/graphics/keyval.sty
Package: keyval 2014/10/28 v1.15 key=value parser (DPC)
\KV@toks@=\toks15
)
\captionmargin=\dimen113
\captionmargin@=\dimen114
\captionwidth=\dimen115
\caption@tempdima=\dimen116
\caption@indent=\dimen117
\caption@parindent=\dimen118
\caption@hangindent=\dimen119
)
\c@ContinuedFloat=\count97
)
(/usr/share/texlive/texmf-dist/tex/latex/fancyvrb/fancyvrb.sty
Package: fancyvrb 2008/02/07

Style option: `fancyvrb' v2.7a, with DG/SPQR fixes, and firstline=lastline fix 
<2008/02/07> (tvz)
\FV@CodeLineNo=\count98
\FV@InFile=\read1
\FV@TabBox=\box52
\c@FancyVerbLine=\count99
\FV@StepNumber=\count100
\FV@OutFile=\write3
)
(/usr/share/texlive/texmf-dist/tex/latex/caption/subcaption.sty
Package: subcaption 2016/02/20 v1.1-142 Sub-captions (AR)
\c@subfigure=\count101
\c@subtable=\count102
)
(/usr/share/texlive/texmf-dist/tex/latex/url/url.sty
\Urlmuskip=\muskip10
Package: url 2013/09/16  ver 3.4  Verb mode for urls, etc.
)
(/usr/share/texlive/texmf-dist/tex/latex/nomencl/nomencl.sty
Package: nomencl 2005/09/22 v4.2 Nomenclature package (LN)
\nomlabelwidth=\dimen120
\nom@tempdim=\dimen121
\nomitemsep=\skip45
)
(/usr/share/texlive/texmf-dist/tex/latex/tools/array.sty
Package: array 2014/10/28 v2.4c Tabular extension package (FMi)
\col@sep=\dimen122
\extrarowheight=\dimen123
\NC@list=\toks16
\extratabsurround=\skip46
\backup@length=\skip47
)
(/usr/share/texlive/texmf-dist/tex/latex/hyperref/hyperref.sty
Package: hyperref 2012/11/06 v6.83m Hypertext links for LaTeX

(/usr/share/texlive/texmf-dist/tex/generic/oberdiek/hobsub-hyperref.sty
Package: hobsub-hyperref 2012/05/28 v1.13 Bundle oberdiek, subset hyperref (HO)


(/usr/share/texlive/texmf-dist/tex/generic/oberdiek/hobsub-generic.sty
Package: hobsub-generic 2012/05/28 v1.13 Bundle oberdiek, subset generic (HO)
Package: hobsub 2012/05/28 v1.13 Construct package bundles (HO)
Package: infwarerr 2010/04/08 v1.3 Providing info/warning/error messages (HO)
Package: ltxcmds 2011/11/09 v1.22 LaTeX kernel commands for general use (HO)
Package: ifluatex 2010/03/01 v1.3 Provides the ifluatex switch (HO)
Package ifluatex Info: LuaTeX not detected.
Package: ifvtex 2010/03/01 v1.5 Detect VTeX and its facilities (HO)
Package ifvtex Info: VTeX not detected.
Package: intcalc 2007/09/27 v1.1 Expandable calculations with integers (HO)
Package: ifpdf 2011/01/30 v2.3 Provides the ifpdf switch (HO)
Package ifpdf Info: pdfTeX in PDF mode is detected.
Package: etexcmds 2011/02/16 v1.5 Avoid name clashes with e-TeX commands (HO)
Package etexcmds Info: Could not find \expanded.
(etexcmds)             That can mean that you are not using pdfTeX 1.50 or
(etexcmds)             that some package has redefined \expanded.
(etexcmds)             In the latter case, load this package earlier.
Package: kvsetkeys 2012/04/25 v1.16 Key value parser (HO)
Package: kvdefinekeys 2011/04/07 v1.3 Define keys (HO)
Package: pdftexcmds 2011/11/29 v0.20 Utility functions of pdfTeX for LuaTeX (HO
)
Package pdftexcmds Info: LuaTeX not detected.
Package pdftexcmds Info: \pdf@primitive is available.
Package pdftexcmds Info: \pdf@ifprimitive is available.
Package pdftexcmds Info: \pdfdraftmode found.
Package: pdfescape 2011/11/25 v1.13 Implements pdfTeX's escape features (HO)
Package: bigintcalc 2012/04/08 v1.3 Expandable calculations on big integers (HO
)
Package: bitset 2011/01/30 v1.1 Handle bit-vector datatype (HO)
Package: uniquecounter 2011/01/30 v1.2 Provide unlimited unique counter (HO)
)
Package hobsub Info: Skipping package `hobsub' (already loaded).
Package: letltxmacro 2010/09/02 v1.4 Let assignment for LaTeX macros (HO)
Package: hopatch 2012/05/28 v1.2 Wrapper for package hooks (HO)
Package: xcolor-patch 2011/01/30 xcolor patch
Package: atveryend 2011/06/30 v1.8 Hooks at the very end of document (HO)
Package atveryend Info: \enddocument detected (standard20110627).
Package: atbegshi 2011/10/05 v1.16 At begin shipout hook (HO)
Package: refcount 2011/10/16 v3.4 Data extraction from label references (HO)
Package: hycolor 2011/01/30 v1.7 Color options for hyperref/bookmark (HO)
)
(/usr/share/texlive/texmf-dist/tex/generic/ifxetex/ifxetex.sty
Package: ifxetex 2010/09/12 v0.6 Provides ifxetex conditional
)
(/usr/share/texlive/texmf-dist/tex/latex/oberdiek/auxhook.sty
Package: auxhook 2011/03/04 v1.3 Hooks for auxiliary files (HO)
)
(/usr/share/texlive/texmf-dist/tex/latex/oberdiek/kvoptions.sty
Package: kvoptions 2011/06/30 v3.11 Key value format for package options (HO)
)
\@linkdim=\dimen124
\Hy@linkcounter=\count103
\Hy@pagecounter=\count104

(/usr/share/texlive/texmf-dist/tex/latex/hyperref/pd1enc.def
File: pd1enc.def 2012/11/06 v6.83m Hyperref: PDFDocEncoding definition (HO)
)
\Hy@SavedSpaceFactor=\count105

(/usr/share/texlive/texmf-dist/tex/latex/latexconfig/hyperref.cfg
File: hyperref.cfg 2002/06/06 v1.2 hyperref configuration of TeXLive
)
Package hyperref Info: Option `breaklinks' set `true' on input line 4319.
Package hyperref Info: Hyper figures OFF on input line 4443.
Package hyperref Info: Link nesting OFF on input line 4448.
Package hyperref Info: Hyper index ON on input line 4451.
Package hyperref Info: Plain pages OFF on input line 4458.
Package hyperref Info: Backreferencing OFF on input line 4463.
Package hyperref Info: Implicit mode ON; LaTeX internals redefined.
Package hyperref Info: Bookmarks ON on input line 4688.
\c@Hy@tempcnt=\count106
LaTeX Info: Redefining \url on input line 5041.
\XeTeXLinkMargin=\dimen125
\Fld@menulength=\count107
\Field@Width=\dimen126
\Fld@charsize=\dimen127
Package hyperref Info: Hyper figures OFF on input line 6295.
Package hyperref Info: Link nesting OFF on input line 6300.
Package hyperref Info: Hyper index ON on input line 6303.
Package hyperref Info: backreferencing OFF on input line 6310.
Package hyperref Info: Link coloring OFF on input line 6315.
Package hyperref Info: Link coloring with OCG OFF on input line 6320.
Package hyperref Info: PDF/A mode OFF on input line 6325.
LaTeX Info: Redefining \ref on input line 6365.
LaTeX Info: Redefining \pageref on input line 6369.
\Hy@abspage=\count108
\c@Item=\count109
\c@Hfootnote=\count110
)

Package hyperref Message: Driver (autodetected): hpdftex.

(/usr/share/texlive/texmf-dist/tex/latex/hyperref/hpdftex.def
File: hpdftex.def 2012/11/06 v6.83m Hyperref driver for pdfTeX
\Fld@listcount=\count111
\c@bookmark@seq@number=\count112

(/usr/share/texlive/texmf-dist/tex/latex/oberdiek/rerunfilecheck.sty
Package: rerunfilecheck 2011/04/15 v1.7 Rerun checks for auxiliary files (HO)
Package uniquecounter Info: New unique counter `rerunfilecheck' on input line 2
82.
)
\Hy@SectionHShift=\skip48
)
(/usr/share/texlive/texmf-dist/tex/latex/breakcites/breakcites.sty)
(/usr/share/texlive/texmf-dist/tex/latex/base/inputenc.sty
Package: inputenc 2015/03/17 v1.2c Input encoding file
\inpenc@prehook=\toks17
\inpenc@posthook=\toks18

(/usr/share/texlive/texmf-dist/tex/latex/base/utf8.def
File: utf8.def 2015/12/03 v1.1r UTF-8 support for inputenc
Now handling font encoding OML ...
... no UTF-8 mapping file for font encoding OML
Now handling font encoding T1 ...
... processing UTF-8 mapping file for font encoding T1

(/usr/share/texlive/texmf-dist/tex/latex/base/t1enc.dfu
File: t1enc.dfu 2015/12/03 v1.1r UTF-8 support for inputenc
   defining Unicode char U+00A0 (decimal 160)
   defining Unicode char U+00A1 (decimal 161)
   defining Unicode char U+00A3 (decimal 163)
   defining Unicode char U+00AB (decimal 171)
   defining Unicode char U+00AD (decimal 173)
   defining Unicode char U+00BB (decimal 187)
   defining Unicode char U+00BF (decimal 191)
   defining Unicode char U+00C0 (decimal 192)
   defining Unicode char U+00C1 (decimal 193)
   defining Unicode char U+00C2 (decimal 194)
   defining Unicode char U+00C3 (decimal 195)
   defining Unicode char U+00C4 (decimal 196)
   defining Unicode char U+00C5 (decimal 197)
   defining Unicode char U+00C6 (decimal 198)
   defining Unicode char U+00C7 (decimal 199)
   defining Unicode char U+00C8 (decimal 200)
   defining Unicode char U+00C9 (decimal 201)
   defining Unicode char U+00CA (decimal 202)
   defining Unicode char U+00CB (decimal 203)
   defining Unicode char U+00CC (decimal 204)
   defining Unicode char U+00CD (decimal 205)
   defining Unicode char U+00CE (decimal 206)
   defining Unicode char U+00CF (decimal 207)
   defining Unicode char U+00D0 (decimal 208)
   defining Unicode char U+00D1 (decimal 209)
   defining Unicode char U+00D2 (decimal 210)
   defining Unicode char U+00D3 (decimal 211)
   defining Unicode char U+00D4 (decimal 212)
   defining Unicode char U+00D5 (decimal 213)
   defining Unicode char U+00D6 (decimal 214)
   defining Unicode char U+00D8 (decimal 216)
   defining Unicode char U+00D9 (decimal 217)
   defining Unicode char U+00DA (decimal 218)
   defining Unicode char U+00DB (decimal 219)
   defining Unicode char U+00DC (decimal 220)
   defining Unicode char U+00DD (decimal 221)
   defining Unicode char U+00DE (decimal 222)
   defining Unicode char U+00DF (decimal 223)
   defining Unicode char U+00E0 (decimal 224)
   defining Unicode char U+00E1 (decimal 225)
   defining Unicode char U+00E2 (decimal 226)
   defining Unicode char U+00E3 (decimal 227)
   defining Unicode char U+00E4 (decimal 228)
   defining Unicode char U+00E5 (decimal 229)
   defining Unicode char U+00E6 (decimal 230)
   defining Unicode char U+00E7 (decimal 231)
   defining Unicode char U+00E8 (decimal 232)
   defining Unicode char U+00E9 (decimal 233)
   defining Unicode char U+00EA (decimal 234)
   defining Unicode char U+00EB (decimal 235)
   defining Unicode char U+00EC (decimal 236)
   defining Unicode char U+00ED (decimal 237)
   defining Unicode char U+00EE (decimal 238)
   defining Unicode char U+00EF (decimal 239)
   defining Unicode char U+00F0 (decimal 240)
   defining Unicode char U+00F1 (decimal 241)
   defining Unicode char U+00F2 (decimal 242)
   defining Unicode char U+00F3 (decimal 243)
   defining Unicode char U+00F4 (decimal 244)
   defining Unicode char U+00F5 (decimal 245)
   defining Unicode char U+00F6 (decimal 246)
   defining Unicode char U+00F8 (decimal 248)
   defining Unicode char U+00F9 (decimal 249)
   defining Unicode char U+00FA (decimal 250)
   defining Unicode char U+00FB (decimal 251)
   defining Unicode char U+00FC (decimal 252)
   defining Unicode char U+00FD (decimal 253)
   defining Unicode char U+00FE (decimal 254)
   defining Unicode char U+00FF (decimal 255)
   defining Unicode char U+0100 (decimal 256)
   defining Unicode char U+0101 (decimal 257)
   defining Unicode char U+0102 (decimal 258)
   defining Unicode char U+0103 (decimal 259)
   defining Unicode char U+0104 (decimal 260)
   defining Unicode char U+0105 (decimal 261)
   defining Unicode char U+0106 (decimal 262)
   defining Unicode char U+0107 (decimal 263)
   defining Unicode char U+0108 (decimal 264)
   defining Unicode char U+0109 (decimal 265)
   defining Unicode char U+010A (decimal 266)
   defining Unicode char U+010B (decimal 267)
   defining Unicode char U+010C (decimal 268)
   defining Unicode char U+010D (decimal 269)
   defining Unicode char U+010E (decimal 270)
   defining Unicode char U+010F (decimal 271)
   defining Unicode char U+0110 (decimal 272)
   defining Unicode char U+0111 (decimal 273)
   defining Unicode char U+0112 (decimal 274)
   defining Unicode char U+0113 (decimal 275)
   defining Unicode char U+0114 (decimal 276)
   defining Unicode char U+0115 (decimal 277)
   defining Unicode char U+0116 (decimal 278)
   defining Unicode char U+0117 (decimal 279)
   defining Unicode char U+0118 (decimal 280)
   defining Unicode char U+0119 (decimal 281)
   defining Unicode char U+011A (decimal 282)
   defining Unicode char U+011B (decimal 283)
   defining Unicode char U+011C (decimal 284)
   defining Unicode char U+011D (decimal 285)
   defining Unicode char U+011E (decimal 286)
   defining Unicode char U+011F (decimal 287)
   defining Unicode char U+0120 (decimal 288)
   defining Unicode char U+0121 (decimal 289)
   defining Unicode char U+0122 (decimal 290)
   defining Unicode char U+0123 (decimal 291)
   defining Unicode char U+0124 (decimal 292)
   defining Unicode char U+0125 (decimal 293)
   defining Unicode char U+0128 (decimal 296)
   defining Unicode char U+0129 (decimal 297)
   defining Unicode char U+012A (decimal 298)
   defining Unicode char U+012B (decimal 299)
   defining Unicode char U+012C (decimal 300)
   defining Unicode char U+012D (decimal 301)
   defining Unicode char U+012E (decimal 302)
   defining Unicode char U+012F (decimal 303)
   defining Unicode char U+0130 (decimal 304)
   defining Unicode char U+0131 (decimal 305)
   defining Unicode char U+0132 (decimal 306)
   defining Unicode char U+0133 (decimal 307)
   defining Unicode char U+0134 (decimal 308)
   defining Unicode char U+0135 (decimal 309)
   defining Unicode char U+0136 (decimal 310)
   defining Unicode char U+0137 (decimal 311)
   defining Unicode char U+0139 (decimal 313)
   defining Unicode char U+013A (decimal 314)
   defining Unicode char U+013B (decimal 315)
   defining Unicode char U+013C (decimal 316)
   defining Unicode char U+013D (decimal 317)
   defining Unicode char U+013E (decimal 318)
   defining Unicode char U+0141 (decimal 321)
   defining Unicode char U+0142 (decimal 322)
   defining Unicode char U+0143 (decimal 323)
   defining Unicode char U+0144 (decimal 324)
   defining Unicode char U+0145 (decimal 325)
   defining Unicode char U+0146 (decimal 326)
   defining Unicode char U+0147 (decimal 327)
   defining Unicode char U+0148 (decimal 328)
   defining Unicode char U+014A (decimal 330)
   defining Unicode char U+014B (decimal 331)
   defining Unicode char U+014C (decimal 332)
   defining Unicode char U+014D (decimal 333)
   defining Unicode char U+014E (decimal 334)
   defining Unicode char U+014F (decimal 335)
   defining Unicode char U+0150 (decimal 336)
   defining Unicode char U+0151 (decimal 337)
   defining Unicode char U+0152 (decimal 338)
   defining Unicode char U+0153 (decimal 339)
   defining Unicode char U+0154 (decimal 340)
   defining Unicode char U+0155 (decimal 341)
   defining Unicode char U+0156 (decimal 342)
   defining Unicode char U+0157 (decimal 343)
   defining Unicode char U+0158 (decimal 344)
   defining Unicode char U+0159 (decimal 345)
   defining Unicode char U+015A (decimal 346)
   defining Unicode char U+015B (decimal 347)
   defining Unicode char U+015C (decimal 348)
   defining Unicode char U+015D (decimal 349)
   defining Unicode char U+015E (decimal 350)
   defining Unicode char U+015F (decimal 351)
   defining Unicode char U+0160 (decimal 352)
   defining Unicode char U+0161 (decimal 353)
   defining Unicode char U+0162 (decimal 354)
   defining Unicode char U+0163 (decimal 355)
   defining Unicode char U+0164 (decimal 356)
   defining Unicode char U+0165 (decimal 357)
   defining Unicode char U+0168 (decimal 360)
   defining Unicode char U+0169 (decimal 361)
   defining Unicode char U+016A (decimal 362)
   defining Unicode char U+016B (decimal 363)
   defining Unicode char U+016C (decimal 364)
   defining Unicode char U+016D (decimal 365)
   defining Unicode char U+016E (decimal 366)
   defining Unicode char U+016F (decimal 367)
   defining Unicode char U+0170 (decimal 368)
   defining Unicode char U+0171 (decimal 369)
   defining Unicode char U+0172 (decimal 370)
   defining Unicode char U+0173 (decimal 371)
   defining Unicode char U+0174 (decimal 372)
   defining Unicode char U+0175 (decimal 373)
   defining Unicode char U+0176 (decimal 374)
   defining Unicode char U+0177 (decimal 375)
   defining Unicode char U+0178 (decimal 376)
   defining Unicode char U+0179 (decimal 377)
   defining Unicode char U+017A (decimal 378)
   defining Unicode char U+017B (decimal 379)
   defining Unicode char U+017C (decimal 380)
   defining Unicode char U+017D (decimal 381)
   defining Unicode char U+017E (decimal 382)
   defining Unicode char U+01CD (decimal 461)
   defining Unicode char U+01CE (decimal 462)
   defining Unicode char U+01CF (decimal 463)
   defining Unicode char U+01D0 (decimal 464)
   defining Unicode char U+01D1 (decimal 465)
   defining Unicode char U+01D2 (decimal 466)
   defining Unicode char U+01D3 (decimal 467)
   defining Unicode char U+01D4 (decimal 468)
   defining Unicode char U+01E2 (decimal 482)
   defining Unicode char U+01E3 (decimal 483)
   defining Unicode char U+01E6 (decimal 486)
   defining Unicode char U+01E7 (decimal 487)
   defining Unicode char U+01E8 (decimal 488)
   defining Unicode char U+01E9 (decimal 489)
   defining Unicode char U+01EA (decimal 490)
   defining Unicode char U+01EB (decimal 491)
   defining Unicode char U+01F0 (decimal 496)
   defining Unicode char U+01F4 (decimal 500)
   defining Unicode char U+01F5 (decimal 501)
   defining Unicode char U+0218 (decimal 536)
   defining Unicode char U+0219 (decimal 537)
   defining Unicode char U+021A (decimal 538)
   defining Unicode char U+021B (decimal 539)
   defining Unicode char U+01E02 (decimal 7682)
   defining Unicode char U+01E03 (decimal 7683)
   defining Unicode char U+200C (decimal 8204)
   defining Unicode char U+2013 (decimal 8211)
   defining Unicode char U+2014 (decimal 8212)
   defining Unicode char U+2018 (decimal 8216)
   defining Unicode char U+2019 (decimal 8217)
   defining Unicode char U+201A (decimal 8218)
   defining Unicode char U+201C (decimal 8220)
   defining Unicode char U+201D (decimal 8221)
   defining Unicode char U+201E (decimal 8222)
   defining Unicode char U+2030 (decimal 8240)
   defining Unicode char U+2031 (decimal 8241)
   defining Unicode char U+2039 (decimal 8249)
   defining Unicode char U+203A (decimal 8250)
   defining Unicode char U+2423 (decimal 9251)
)
Now handling font encoding OT1 ...
... processing UTF-8 mapping file for font encoding OT1

(/usr/share/texlive/texmf-dist/tex/latex/base/ot1enc.dfu
File: ot1enc.dfu 2015/12/03 v1.1r UTF-8 support for inputenc
   defining Unicode char U+00A0 (decimal 160)
   defining Unicode char U+00A1 (decimal 161)
   defining Unicode char U+00A3 (decimal 163)
   defining Unicode char U+00AD (decimal 173)
   defining Unicode char U+00B8 (decimal 184)
   defining Unicode char U+00BF (decimal 191)
   defining Unicode char U+00C5 (decimal 197)
   defining Unicode char U+00C6 (decimal 198)
   defining Unicode char U+00D8 (decimal 216)
   defining Unicode char U+00DF (decimal 223)
   defining Unicode char U+00E6 (decimal 230)
   defining Unicode char U+00EC (decimal 236)
   defining Unicode char U+00ED (decimal 237)
   defining Unicode char U+00EE (decimal 238)
   defining Unicode char U+00EF (decimal 239)
   defining Unicode char U+00F8 (decimal 248)
   defining Unicode char U+0131 (decimal 305)
   defining Unicode char U+0141 (decimal 321)
   defining Unicode char U+0142 (decimal 322)
   defining Unicode char U+0152 (decimal 338)
   defining Unicode char U+0153 (decimal 339)
   defining Unicode char U+0174 (decimal 372)
   defining Unicode char U+0175 (decimal 373)
   defining Unicode char U+0176 (decimal 374)
   defining Unicode char U+0177 (decimal 375)
   defining Unicode char U+0218 (decimal 536)
   defining Unicode char U+0219 (decimal 537)
   defining Unicode char U+021A (decimal 538)
   defining Unicode char U+021B (decimal 539)
   defining Unicode char U+2013 (decimal 8211)
   defining Unicode char U+2014 (decimal 8212)
   defining Unicode char U+2018 (decimal 8216)
   defining Unicode char U+2019 (decimal 8217)
   defining Unicode char U+201C (decimal 8220)
   defining Unicode char U+201D (decimal 8221)
)
Now handling font encoding OMS ...
... processing UTF-8 mapping file for font encoding OMS

(/usr/share/texlive/texmf-dist/tex/latex/base/omsenc.dfu
File: omsenc.dfu 2015/12/03 v1.1r UTF-8 support for inputenc
   defining Unicode char U+00A7 (decimal 167)
   defining Unicode char U+00B6 (decimal 182)
   defining Unicode char U+00B7 (decimal 183)
   defining Unicode char U+2020 (decimal 8224)
   defining Unicode char U+2021 (decimal 8225)
   defining Unicode char U+2022 (decimal 8226)
)
Now handling font encoding OMX ...
... no UTF-8 mapping file for font encoding OMX
Now handling font encoding U ...
... no UTF-8 mapping file for font encoding U
Now handling font encoding PD1 ...
... no UTF-8 mapping file for font encoding PD1
   defining Unicode char U+00A9 (decimal 169)
   defining Unicode char U+00AA (decimal 170)
   defining Unicode char U+00AE (decimal 174)
   defining Unicode char U+00BA (decimal 186)
   defining Unicode char U+02C6 (decimal 710)
   defining Unicode char U+02DC (decimal 732)
   defining Unicode char U+200C (decimal 8204)
   defining Unicode char U+2026 (decimal 8230)
   defining Unicode char U+2122 (decimal 8482)
   defining Unicode char U+2423 (decimal 9251)
)) (./feupteses.sty
Package: feupteses 2011/07/31 1.0 

Document Style `FEUP Teses' 1.0 <2011/07/31>
(/usr/share/texlive/texmf-dist/tex/latex/base/fontenc.sty
Package: fontenc 2005/09/27 v1.99g Standard LaTeX package

(/usr/share/texlive/texmf-dist/tex/latex/base/t1enc.def
File: t1enc.def 2005/09/27 v1.99g Standard LaTeX file
LaTeX Font Info:    Redeclaring font encoding T1 on input line 48.
))
(/usr/share/texlive/texmf-dist/tex/generic/babel/babel.sty
Package: babel 2016/02/24 3.9q The Babel package

(/usr/share/texlive/texmf-dist/tex/generic/babel-english/english.ldf
Language: english 2012/08/20 v3.3p English support from the babel system

(/usr/share/texlive/texmf-dist/tex/generic/babel/babel.def
File: babel.def 2016/02/24 3.9q Babel common definitions
\babel@savecnt=\count113
\U@D=\dimen128
)
\l@canadian = a dialect from \language\l@american 
\l@australian = a dialect from \language\l@british 
\l@newzealand = a dialect from \language\l@british 
))
(/usr/share/texlive/texmf-dist/tex/latex/geometry/geometry.sty
Package: geometry 2010/09/12 v5.6 Page Geometry
\Gm@cnth=\count114
\Gm@cntv=\count115
\c@Gm@tempcnt=\count116
\Gm@bindingoffset=\dimen129
\Gm@wd@mp=\dimen130
\Gm@odd@mp=\dimen131
\Gm@even@mp=\dimen132
\Gm@layoutwidth=\dimen133
\Gm@layoutheight=\dimen134
\Gm@layouthoffset=\dimen135
\Gm@layoutvoffset=\dimen136
\Gm@dimlist=\toks19
)
(/usr/share/texlive/texmf-dist/tex/latex/psnfss/mathptmx.sty
Package: mathptmx 2005/04/12 PSNFSS-v9.2a Times w/ Math, improved (SPQR, WaS) 
LaTeX Font Info:    Redeclaring symbol font `operators' on input line 28.
LaTeX Font Info:    Overwriting symbol font `operators' in version `normal'
(Font)                  OT1/cmr/m/n --> OT1/ztmcm/m/n on input line 28.
LaTeX Font Info:    Overwriting symbol font `operators' in version `bold'
(Font)                  OT1/cmr/bx/n --> OT1/ztmcm/m/n on input line 28.
LaTeX Font Info:    Redeclaring symbol font `letters' on input line 29.
LaTeX Font Info:    Overwriting symbol font `letters' in version `normal'
(Font)                  OML/cmm/m/it --> OML/ztmcm/m/it on input line 29.
LaTeX Font Info:    Overwriting symbol font `letters' in version `bold'
(Font)                  OML/cmm/b/it --> OML/ztmcm/m/it on input line 29.
LaTeX Font Info:    Redeclaring symbol font `symbols' on input line 30.
LaTeX Font Info:    Overwriting symbol font `symbols' in version `normal'
(Font)                  OMS/cmsy/m/n --> OMS/ztmcm/m/n on input line 30.
LaTeX Font Info:    Overwriting symbol font `symbols' in version `bold'
(Font)                  OMS/cmsy/b/n --> OMS/ztmcm/m/n on input line 30.
LaTeX Font Info:    Redeclaring symbol font `largesymbols' on input line 31.
LaTeX Font Info:    Overwriting symbol font `largesymbols' in version `normal'
(Font)                  OMX/cmex/m/n --> OMX/ztmcm/m/n on input line 31.
LaTeX Font Info:    Overwriting symbol font `largesymbols' in version `bold'
(Font)                  OMX/cmex/m/n --> OMX/ztmcm/m/n on input line 31.
\symbold=\mathgroup6
\symitalic=\mathgroup7
LaTeX Font Info:    Redeclaring math alphabet \mathbf on input line 34.
LaTeX Font Info:    Overwriting math alphabet `\mathbf' in version `normal'
(Font)                  OT1/cmr/bx/n --> OT1/ptm/bx/n on input line 34.
LaTeX Font Info:    Overwriting math alphabet `\mathbf' in version `bold'
(Font)                  OT1/cmr/bx/n --> OT1/ptm/bx/n on input line 34.
LaTeX Font Info:    Redeclaring math alphabet \mathit on input line 35.
LaTeX Font Info:    Overwriting math alphabet `\mathit' in version `normal'
(Font)                  OT1/cmr/m/it --> OT1/ptm/m/it on input line 35.
LaTeX Font Info:    Overwriting math alphabet `\mathit' in version `bold'
(Font)                  OT1/cmr/bx/it --> OT1/ptm/m/it on input line 35.
LaTeX Info: Redefining \hbar on input line 50.
)
(/usr/share/texlive/texmf-dist/tex/latex/courier-scaled/couriers.sty
Package: couriers 2004/07/10 Scaled Courier (HS) 
)
(/usr/share/texlive/texmf-dist/tex/latex/psnfss/helvet.sty
Package: helvet 2005/04/12 PSNFSS-v9.2a (WaS) 
)
(/usr/share/texlive/texmf-dist/tex/latex/graphics/graphicx.sty
Package: graphicx 2014/10/28 v1.0g Enhanced LaTeX Graphics (DPC,SPQR)

(/usr/share/texlive/texmf-dist/tex/latex/graphics/graphics.sty
Package: graphics 2016/01/03 v1.0q Standard LaTeX Graphics (DPC,SPQR)

(/usr/share/texlive/texmf-dist/tex/latex/graphics/trig.sty
Package: trig 2016/01/03 v1.10 sin cos tan (DPC)
)
(/usr/share/texlive/texmf-dist/tex/latex/latexconfig/graphics.cfg
File: graphics.cfg 2010/04/23 v1.9 graphics configuration of TeX Live
)
Package graphics Info: Driver file: pdftex.def on input line 95.

(/usr/share/texlive/texmf-dist/tex/latex/pdftex-def/pdftex.def
File: pdftex.def 2011/05/27 v0.06d Graphics/color for pdfTeX
\Gread@gobject=\count117
))
\Gin@req@height=\dimen137
\Gin@req@width=\dimen138
)
(/usr/share/texlive/texmf-dist/tex/latex/setspace/setspace.sty
Package: setspace 2011/12/19 v6.7a set line spacing
)
(/usr/share/texlive/texmf-dist/tex/latex/base/makeidx.sty
Package: makeidx 2014/09/29 v1.0m Standard LaTeX package
) (./lineno.sty
Package: lineno 2005/11/02 line numbers on paragraphs v4.41
\linenopenalty=\count118
\output=\toks20
\linenoprevgraf=\count119
\linenumbersep=\dimen139
\linenumberwidth=\dimen140
\c@linenumber=\count120
\c@pagewiselinenumber=\count121
\c@LN@truepage=\count122
\c@internallinenumber=\count123
\c@internallinenumbers=\count124
\quotelinenumbersep=\dimen141
\bframerule=\dimen142
\bframesep=\dimen143
\bframebox=\box53
LaTeX Info: Redefining \\ on input line 3056.
)
(/usr/share/texlive/texmf-dist/tex/latex/draftwatermark/draftwatermark.sty
Package: draftwatermark 2015/02/19 1.2 Put a gray textual watermark on document
 pages

(/usr/share/texlive/texmf-dist/tex/latex/everypage/everypage.sty
Package: everypage 2007/06/20 1.1 Hooks to run on every page
)
(/usr/share/texlive/texmf-dist/tex/latex/graphics/color.sty
Package: color 2016/01/03 v1.1b Standard LaTeX Color (DPC)

(/usr/share/texlive/texmf-dist/tex/latex/latexconfig/color.cfg
File: color.cfg 2007/01/18 v1.5 color configuration of teTeX/TeXLive
)
Package color Info: Driver file: pdftex.def on input line 143.
)
\sc@wm@hcenter=\skip49
\sc@wm@vcenter=\skip50
\sc@wm@fontsize=\skip51
)
\@vivatext=\box54
\@supervisorstext=\box55

(/usr/share/texlive/texmf-dist/tex/latex/fancyhdr/fancyhdr.sty
\fancy@headwidth=\skip52
\f@ncyO@elh=\skip53
\f@ncyO@erh=\skip54
\f@ncyO@olh=\skip55
\f@ncyO@orh=\skip56
\f@ncyO@elf=\skip57
\f@ncyO@erf=\skip58
\f@ncyO@olf=\skip59
\f@ncyO@orf=\skip60
)

! LaTeX Error: Option clash for package hyperref.

See the LaTeX manual or LaTeX Companion for explanation.
Type  H <return>  for immediate help.
 ...                                              
                                                  
l.436 
      
The package hyperref has already been loaded with options:
  [breaklinks=true]
There has now been an attempt to load it with options
  [pdftex,pdfpagelabels,bookmarks,hyperindex,hyperfigures]
Adding the global options:
  breaklinks=true,pdftex,pdfpagelabels,bookmarks,hyperindex,hyperfigures
to your \documentclass declaration may fix this.
Try typing  <return>  to proceed.

(/usr/share/texlive/texmf-dist/tex/latex/hyperref/backref.sty
Package: backref 2012/07/25 v1.38 Bibliographical back referencing
)
Package hyperref Info: Option `plainpages' set `false' on input line 487.
Package hyperref Info: Option `bookmarksopen' set `false' on input line 487.
Package hyperref Info: Option `bookmarksnumbered' set `true' on input line 487.

Package hyperref Info: Option `breaklinks' set `true' on input line 487.
Package hyperref Info: Option `linktocpage' set `true' on input line 487.
Package hyperref Info: Option `colorlinks' set `true' on input line 487.
)
(/usr/share/texlive/texmf-dist/tex/latex/listings/listings.sty
\lst@mode=\count125
\lst@gtempboxa=\box56
\lst@token=\toks21
\lst@length=\count126
\lst@currlwidth=\dimen144
\lst@column=\count127
\lst@pos=\count128
\lst@lostspace=\dimen145
\lst@width=\dimen146
\lst@newlines=\count129
\lst@lineno=\count130
\lst@maxwidth=\dimen147

(/usr/share/texlive/texmf-dist/tex/latex/listings/lstmisc.sty
File: lstmisc.sty 2015/06/04 1.6 (Carsten Heinz)
\c@lstnumber=\count131
\lst@skipnumbers=\count132
\lst@framebox=\box57
)
(/usr/share/texlive/texmf-dist/tex/latex/listings/listings.cfg
File: listings.cfg 2015/06/04 1.6 listings configuration
))
Package: listings 2015/06/04 1.6 (Carsten Heinz)

(/usr/share/texlive/texmf-dist/tex/latex/listings/lstlang1.sty
File: lstlang1.sty 2015/06/04 1.6 listings language file
)
(/usr/share/texlive/texmf-dist/tex/latex/listings/lstmisc.sty
File: lstmisc.sty 2015/06/04 1.6 (Carsten Heinz)
)
\@nomenclaturefile=\write4
\openout4 = `mieic-en.nlo'.


Writing nomenclature file mieic-en.nlo
\@input{mymacros.aux}
\openout2 = `mymacros.aux'.

(./mymacros.tex) (/usr/share/texlive/texmf-dist/tex/latex/minitoc/minitoc.sty
Package: minitoc 2015/07/13 v61 Package minitoc

(/usr/share/texlive/texmf-dist/tex/latex/minitoc/mtcmess.sty
Package: mtcmess 2006/03/14
)
Package minitoc Info: I0001
(minitoc)             *** minitoc package, version 61 ***.
\tf@mtc=\write5
\mtcindent=\skip61
\mtcskipamount=\skip62
Package minitoc Info: I0005
(minitoc)             compatible with hyperref.
Package minitoc Info: I0023
(minitoc)             part level macros available.
Package minitoc Info: I0003
(minitoc)             chapter level macros available.
\mtc@toks=\toks22
\mtc@strutbox=\box58
\mtc@hstrutbox=\box59
Package minitoc Info: I0002
(minitoc)             Autoconfiguration of extensions.
\openout5 = `mieic-en.mtc0'.

\openout5 = `mieic-en.mtc'.

 (./mieic-en.mtc0)
Package minitoc Info: I0012
(minitoc)             Long extensions (Unix-like) will be used.
Package minitoc Info: I0031
(minitoc)             ==> this version is configured for UNIX-like 
(minitoc)                 (long extensions) file names.
\openout5 = `mieic-en.mtc'.

\openout5 = `mieic-en.mtc0'.

\c@mtc=\count133
\c@minitocdepth=\count134
\c@ptc=\count135
\c@parttocdepth=\count136
\ptcindent=\skip63
Package minitoc Info: I0010
(minitoc)             The english language is selected.
(minitoc)              on input line 4909.
(/usr/share/texlive/texmf-dist/tex/latex/minitoc/english.mld
File: english.mld 2006/01/13
)
(/usr/share/texlive/texmf-dist/tex/latex/minitoc/english.mld
File: english.mld 2006/01/13
))
Package minitoc Info: I0024
(minitoc)             PREPARING MINITOCS FROM mieic-en.toc on input line 109.
Package minitoc Info: I0033
(minitoc)             Writing mieic-en.mtc1.
\openout5 = `mieic-en.mtc1'.

Package minitoc Info: I0033
(minitoc)             Writing mieic-en.mtc2.
\openout5 = `mieic-en.mtc2'.

Package minitoc Info: I0033
(minitoc)             Writing mieic-en.mtc3.
\openout5 = `mieic-en.mtc3'.

Package minitoc Info: I0033
(minitoc)             Writing mieic-en.mtc4.
\openout5 = `mieic-en.mtc4'.

Package minitoc Info: I0033
(minitoc)             Writing mieic-en.mtc5.
\openout5 = `mieic-en.mtc5'.

Package minitoc Info: I0033
(minitoc)             Writing mieic-en.mtc6.
\openout5 = `mieic-en.mtc6'.

Package minitoc Info: I0033
(minitoc)             Writing mieic-en.mtc7.
\openout5 = `mieic-en.mtc7'.

 (./mieic-en.aux
(./abstract_en.aux) (./acknows_en.aux) (./quote.aux) (./abbrevs_en.aux)
(./chapter1.aux) (./chapter2.aux) (./chapter3.aux) (./exploratory_analysis.aux)
(./chapter4.aux) (./chapter5.aux) (./nomenclature.aux))
\openout1 = `mieic-en.aux'.

LaTeX Font Info:    Checking defaults for OML/cmm/m/it on input line 117.
LaTeX Font Info:    ... okay on input line 117.
LaTeX Font Info:    Checking defaults for T1/cmr/m/n on input line 117.
LaTeX Font Info:    ... okay on input line 117.
LaTeX Font Info:    Checking defaults for OT1/cmr/m/n on input line 117.
LaTeX Font Info:    ... okay on input line 117.
LaTeX Font Info:    Checking defaults for OMS/cmsy/m/n on input line 117.
LaTeX Font Info:    ... okay on input line 117.
LaTeX Font Info:    Checking defaults for OMX/cmex/m/n on input line 117.
LaTeX Font Info:    ... okay on input line 117.
LaTeX Font Info:    Checking defaults for U/cmr/m/n on input line 117.
LaTeX Font Info:    ... okay on input line 117.
LaTeX Font Info:    Checking defaults for PD1/pdf/m/n on input line 117.
LaTeX Font Info:    ... okay on input line 117.
LaTeX Font Info:    Try loading font information for T1+ptm on input line 117.

(/usr/share/texlive/texmf-dist/tex/latex/psnfss/t1ptm.fd
File: t1ptm.fd 2001/06/04 font definitions for T1/ptm.
)
Package caption Info: Begin \AtBeginDocument code.
Package caption Info: hyperref package is loaded.
Package caption Info: listings package is loaded.
Package caption Info: End \AtBeginDocument code.
\AtBeginShipoutBox=\box60
Package hyperref Info: Link coloring ON on input line 117.

(/usr/share/texlive/texmf-dist/tex/latex/hyperref/nameref.sty
Package: nameref 2012/10/27 v2.43 Cross-referencing by name of section

(/usr/share/texlive/texmf-dist/tex/generic/oberdiek/gettitlestring.sty
Package: gettitlestring 2010/12/03 v1.4 Cleanup title references (HO)
)
\c@section@level=\count137
)
LaTeX Info: Redefining \ref on input line 117.
LaTeX Info: Redefining \pageref on input line 117.
LaTeX Info: Redefining \nameref on input line 117.

(./mieic-en.out) (./mieic-en.out)
\@outlinefile=\write6
\openout6 = `mieic-en.out'.


*geometry* driver: auto-detecting
*geometry* detected driver: pdftex
*geometry* verbose mode - [ preamble ] result:
* driver: pdftex
* paper: a4paper
* layout: <same size as paper>
* layoutoffset:(h,v)=(0.0pt,0.0pt)
* modes: includehead includefoot twoside 
* h-part:(L,W,R)=(99.58464pt, 426.79135pt, 71.13188pt)
* v-part:(T,H,B)=(56.9055pt, 731.23584pt, 56.9055pt)
* \paperwidth=597.50787pt
* \paperheight=845.04684pt
* \textwidth=426.79135pt
* \textheight=661.23584pt
* \oddsidemargin=27.31465pt
* \evensidemargin=-1.1381pt
* \topmargin=-15.36449pt
* \headheight=15.5pt
* \headsep=25.0pt
* \topskip=11.0pt
* \footskip=30.0pt
* \marginparwidth=103.0pt
* \marginparsep=10.0pt
* \columnsep=10.0pt
* \skip\footins=10.0pt plus 4.0pt minus 2.0pt
* \hoffset=0.0pt
* \voffset=0.0pt
* \mag=1000
* \@twocolumnfalse
* \@twosidetrue
* \@mparswitchtrue
* \@reversemarginfalse
* (1in=72.27pt=25.4mm, 1cm=28.453pt)

\big@size=\dimen148
(/usr/share/texlive/texmf-dist/tex/context/base/supp-pdf.mkii
[Loading MPS to PDF converter (version 2006.09.02).]
\scratchcounter=\count138
\scratchdimen=\dimen149
\scratchbox=\box61
\nofMPsegments=\count139
\nofMParguments=\count140
\everyMPshowfont=\toks23
\MPscratchCnt=\count141
\MPscratchDim=\dimen150
\MPnumerator=\count142
\makeMPintoPDFobject=\count143
\everyMPtoPDFconversion=\toks24
) (/usr/share/texlive/texmf-dist/tex/latex/oberdiek/epstopdf-base.sty
Package: epstopdf-base 2010/02/09 v2.5 Base part for package epstopdf

(/usr/share/texlive/texmf-dist/tex/latex/oberdiek/grfext.sty
Package: grfext 2010/08/19 v1.1 Manage graphics extensions (HO)
)
Package grfext Info: Graphics extension search list:
(grfext)             [.png,.pdf,.jpg,.mps,.jpeg,.jbig2,.jb2,.PNG,.PDF,.JPG,.JPE
G,.JBIG2,.JB2,.eps]
(grfext)             \AppendGraphicsExtensions on input line 452.

(/usr/share/texlive/texmf-dist/tex/latex/latexconfig/epstopdf-sys.cfg
File: epstopdf-sys.cfg 2010/07/13 v1.3 Configuration of (r)epstopdf for TeX Liv
e
))
\c@lstlisting=\count144
Package minitoc(hints) Info: I0049
(minitoc(hints))             ==> You requested the hints option. 
(minitoc(hints))             Some hints are eventually given below.


Package minitoc(hints) Warning: W0030
(minitoc(hints))                --- The \part command is altered 
(minitoc(hints))                after minitoc.


Package minitoc(hints) Warning: W0023
(minitoc(hints))                --- It may be the consequence 
(minitoc(hints))                of loading the ``hyperref'' package.


Package minitoc(hints) Warning: W0028
(minitoc(hints))                --- The \chapter command is altered 
(minitoc(hints))                after minitoc.


Package minitoc(hints) Warning: W0023
(minitoc(hints))                --- It may be the consequence 
(minitoc(hints))                of loading the ``hyperref'' package.

\@crestbox=\box62
LaTeX Font Info:    Font shape `T1/ptm/bx/n' in size <14.4> not available
(Font)              Font shape `T1/ptm/b/n' tried instead on input line 156.
LaTeX Font Info:    Font shape `T1/ptm/bx/sc' in size <14.4> not available
(Font)              Font shape `T1/ptm/b/sc' tried instead on input line 156.
LaTeX Font Info:    Font shape `T1/ptm/bx/n' in size <24.88> not available
(Font)              Font shape `T1/ptm/b/n' tried instead on input line 156.
<figures/uporto-feup.pdf, id=265, 338.26375pt x 126.4725pt>
File: figures/uporto-feup.pdf Graphic file (type pdf)

<use figures/uporto-feup.pdf>
Package pdftex.def Info: figures/uporto-feup.pdf used on input line 156.
(pdftex.def)             Requested size: 204.85983pt x 76.59618pt.
 [-3{/var/lib/texmf/fonts/map/pdftex/updmap/pdftex.map}




 <./figures/uporto-feup.pdf>] [-2



]
LaTeX Font Info:    Font shape `T1/ptm/bx/n' in size <17.28> not available
(Font)              Font shape `T1/ptm/b/n' tried instead on input line 156.
 [-1] [0

]
\openout2 = `abstract_en.aux'.

 (./abstract_en.tex [1


]
[2

]) [3]
\openout2 = `acknows_en.aux'.

 (./acknows_en.tex [4



]) [5]
\openout2 = `quote.aux'.

 (./quote.tex [6



]) [7] [8


] (./mieic-en.toc
LaTeX Font Info:    Font shape `T1/ptm/bx/n' in size <10.95> not available
(Font)              Font shape `T1/ptm/b/n' tried instead on input line 2.
LaTeX Font Info:    Try loading font information for OT1+ztmcm on input line 3.


(/usr/share/texlive/texmf-dist/tex/latex/psnfss/ot1ztmcm.fd
File: ot1ztmcm.fd 2000/01/03 Fontinst v1.801 font definitions for OT1/ztmcm.
)
LaTeX Font Info:    Try loading font information for OML+ztmcm on input line 3.


(/usr/share/texlive/texmf-dist/tex/latex/psnfss/omlztmcm.fd
File: omlztmcm.fd 2000/01/03 Fontinst v1.801 font definitions for OML/ztmcm.
)
LaTeX Font Info:    Try loading font information for OMS+ztmcm on input line 3.


(/usr/share/texlive/texmf-dist/tex/latex/psnfss/omsztmcm.fd
File: omsztmcm.fd 2000/01/03 Fontinst v1.801 font definitions for OMS/ztmcm.
)
LaTeX Font Info:    Try loading font information for OMX+ztmcm on input line 3.


(/usr/share/texlive/texmf-dist/tex/latex/psnfss/omxztmcm.fd
File: omxztmcm.fd 2000/01/03 Fontinst v1.801 font definitions for OMX/ztmcm.
)
LaTeX Font Info:    Try loading font information for OT1+ptm on input line 3.

(/usr/share/texlive/texmf-dist/tex/latex/psnfss/ot1ptm.fd
File: ot1ptm.fd 2001/06/04 font definitions for OT1/ptm.
)
LaTeX Font Info:    Font shape `OT1/ptm/bx/n' in size <10.95> not available
(Font)              Font shape `OT1/ptm/b/n' tried instead on input line 3.
LaTeX Font Info:    Font shape `OT1/ptm/bx/n' in size <8> not available
(Font)              Font shape `OT1/ptm/b/n' tried instead on input line 3.
LaTeX Font Info:    Font shape `OT1/ptm/bx/n' in size <6> not available
(Font)              Font shape `OT1/ptm/b/n' tried instead on input line 3.
 [9

])
\tf@toc=\write7
\openout7 = `mieic-en.toc'.

 [10]
(./mieic-en.lof)
\tf@lof=\write8
\openout8 = `mieic-en.lof'.

 [11


] [12

] (./mieic-en.lot)
\tf@lot=\write9
\openout9 = `mieic-en.lot'.

 [13

]
\openout2 = `abbrevs_en.aux'.

 (./abbrevs_en.tex [14


])
[15] [16


]
\openout2 = `chapter1.aux'.

 (./chapter1.tex
Chapter 1.
LaTeX Font Info:    Font shape `T1/ptm/bx/n' in size <20.74> not available
(Font)              Font shape `T1/ptm/b/n' tried instead on input line 1.
LaTeX Font Info:    Try loading font information for T1+phv on input line 1.
(/usr/share/texlive/texmf-dist/tex/latex/psnfss/t1phv.fd
File: t1phv.fd 2001/06/04 scalable font definitions for T1/phv.
)
LaTeX Font Info:    Font shape `T1/phv/m/n' will be
(Font)              scaled to size 5.69998pt on input line 1.
\openout5 = `mieic-en.mtc'.

\openout5 = `mieic-en.mtc'.

LaTeX Font Info:    Font shape `OT1/ptm/bx/n' in size <10> not available
(Font)              Font shape `OT1/ptm/b/n' tried instead on input line 3.
LaTeX Font Info:    Font shape `OT1/ptm/bx/n' in size <7.4> not available
(Font)              Font shape `OT1/ptm/b/n' tried instead on input line 3.
LaTeX Font Info:    Font shape `T1/ptm/bx/n' in size <12> not available
(Font)              Font shape `T1/ptm/b/n' tried instead on input line 3.
 (./mieic-en.mtc1
LaTeX Font Info:    Font shape `T1/ptm/bx/n' in size <10> not available
(Font)              Font shape `T1/ptm/b/n' tried instead on input line 1.
)
LaTeX Font Info:    Font shape `OT1/ptm/bx/n' in size <9> not available
(Font)              Font shape `OT1/ptm/b/n' tried instead on input line 9.
LaTeX Font Info:    Font shape `OT1/ptm/bx/n' in size <7> not available
(Font)              Font shape `OT1/ptm/b/n' tried instead on input line 9.
LaTeX Font Info:    Font shape `OT1/ptm/bx/n' in size <5> not available
(Font)              Font shape `OT1/ptm/b/n' tried instead on input line 9.

[1


] [2]
LaTeX Font Info:    Try loading font information for OMS+ptm on input line 37.
 (/usr/share/texlive/texmf-dist/tex/latex/psnfss/omsptm.fd
File: omsptm.fd 
)
LaTeX Font Info:    Font shape `OMS/ptm/m/n' in size <10.95> not available
(Font)              Font shape `OMS/cmsy/m/n' tried instead on input line 37.
 [3])
[4]
\openout2 = `chapter2.aux'.

 (./chapter2.tex
Chapter 2.
\openout5 = `mieic-en.mtc'.

\openout5 = `mieic-en.mtc'.

(./mieic-en.mtc2) [5



]
<figures/four_forces.png, id=576, 636.3775pt x 418.56375pt>
File: figures/four_forces.png Graphic file (type png)

<use figures/four_forces.png>
Package pdftex.def Info: figures/four_forces.png used on input line 28.
(pdftex.def)             Requested size: 256.07741pt x 168.42525pt.
 [6 <./figures/four_forces.png>] [7]
LaTeX Font Info:    Try loading font information for T1+pcrs on input line 53.

(/usr/share/texlive/texmf-dist/tex/latex/courier-scaled/t1pcrs.fd
File: t1pcrs.fd 2004/07/09 scalable font definitions for T1/pcrs.
)
LaTeX Font Info:    Font shape `T1/pcrs/m/n' will be
(Font)              scaled to size 8.54997pt on input line 53.
 [8]
Underfull \hbox (badness 1062) in paragraph at lines 83--84
[]|\T1/ptm/m/n/10.95 Should we make a syntatic or gram-mat-i-
 []


Underfull \hbox (badness 2368) in paragraph at lines 85--86
[]|\T1/ptm/m/n/10.95 Which terms are im-por-tant? Words or
 []

[9] [10]
Overfull \hbox (2.88835pt too wide) in paragraph at lines 108--109
[]\T1/ptm/m/n/10.95 Support Vec-tor Ma-chines (SVM) [[][]SSP11[][], [][]ZNHG16[
][], [][]PPSR17[][], [][]CSR10[][]][], Or-di-nary Least Squares
 []

[11] [12] [13] [14] [15]) [16] [17]
\openout2 = `chapter3.aux'.

 (./chapter3.tex [18



]
Chapter 3.
\openout5 = `mieic-en.mtc'.

\openout5 = `mieic-en.mtc'.

(./mieic-en.mtc3) [19]
LaTeX Font Info:    Font shape `T1/pcrs/m/n' will be
(Font)              scaled to size 10.40245pt on input line 23.
 [20]
<figures/architecture.pdf, id=807, 922.44624pt x 796.9775pt>
File: figures/architecture.pdf Graphic file (type pdf)

<use figures/architecture.pdf>
Package pdftex.def Info: figures/architecture.pdf used on input line 34.
(pdftex.def)             Requested size: 426.79135pt x 368.74225pt.

Underfull \hbox (badness 10000) in paragraph at lines 41--41
[][][][]$\T1/pcrs/m/n/9 https : / / dev . twitter . com / streaming / reference
 / post / statuses / filter$[][] \T1/ptm/m/n/9 (Ac-cessed on
 []

[21] [22 <./figures/architecture.pdf>] [23]
LaTeX Font Info:    Font shape `T1/ptm/bx/it' in size <10.95> not available
(Font)              Font shape `T1/ptm/b/it' tried instead on input line 56.
 [24] [25]
<figures/lda-model.pdf, id=939, 584.1825pt x 275.0275pt>
File: figures/lda-model.pdf Graphic file (type pdf)

<use figures/lda-model.pdf>
Package pdftex.def Info: figures/lda-model.pdf used on input line 95.
(pdftex.def)             Requested size: 239.51637pt x 112.762pt.
 [26 <./figures/lda-model.pdf>] [27]) [28]
\openout2 = `exploratory_analysis.aux'.


(./exploratory_analysis.tex
Chapter 4.
<figures/sp_bb.png, id=998, 930.47626pt x 757.83125pt>
File: figures/sp_bb.png Graphic file (type png)
 <use figures/sp_bb.png>
Package pdftex.def Info: figures/sp_bb.png used on input line 13.
(pdftex.def)             Requested size: 132.30428pt x 107.74924pt.

<figures/london_bb.png, id=999, 854.19125pt x 727.71875pt>
File: figures/london_bb.png Graphic file (type png)

<use figures/london_bb.png>
Package pdftex.def Info: figures/london_bb.png used on input line 20.
(pdftex.def)             Requested size: 128.0387pt x 109.07536pt.

<figures/melbourne_bb.png, id=1000, 835.12pt x 720.6925pt>
File: figures/melbourne_bb.png Graphic file (type png)

<use figures/melbourne_bb.png>
Package pdftex.def Info: figures/melbourne_bb.png used on input line 27.
(pdftex.def)             Requested size: 128.0387pt x 110.48552pt.

<figures/rio_bb.png, id=1001, 1389.19pt x 757.83125pt>
File: figures/rio_bb.png Graphic file (type png)

<use figures/rio_bb.png>
Package pdftex.def Info: figures/rio_bb.png used on input line 36.
(pdftex.def)             Requested size: 179.25157pt x 97.78145pt.

<figures/newyork_bb.png, id=1002, 1038.88126pt x 647.41875pt>
File: figures/newyork_bb.png Graphic file (type png)

<use figures/newyork_bb.png>
Package pdftex.def Info: figures/newyork_bb.png used on input line 43.
(pdftex.def)             Requested size: 162.18279pt x 101.07pt.
 [29



] [30 <./figures/sp_bb.png (PNG copy)> <./figures/london_bb.png> <./figures/mel
bourne_bb.png> <./figures/rio_bb.png (PNG copy)> <./figures/newyork_bb.png>]
Underfull \hbox (badness 2564) in paragraph at lines 99--99
[][][][]$\T1/pcrs/m/n/9 https : / / cidades . ibge . gov . br / v4 / brasil / s
p / sao-[]paulo / panorama$[][] \T1/ptm/m/n/9 (last vis-ited on 17 June,
 []


Underfull \hbox (badness 2042) in paragraph at lines 99--99
[][][][]$\T1/pcrs/m/n/9 https : / / cidades . ibge . gov . br / v4 / brasil / r
j / rio-[]de-[]janeiro / panorama$[][] \T1/ptm/m/n/9 (last vis-ited on 17
 []

[31] [32] <figures/sp_bbs.png, id=1060, 618.31pt x 615.29875pt>
File: figures/sp_bbs.png Graphic file (type png)

<use figures/sp_bbs.png>
Package pdftex.def Info: figures/sp_bbs.png used on input line 141.
(pdftex.def)             Requested size: 170.71393pt x 169.87897pt.
 <figures/rio_bbs.png, id=1061, 1220.56pt x 674.52pt>
File: figures/rio_bbs.png Graphic file (type png)

<use figures/rio_bbs.png>
Package pdftex.def Info: figures/rio_bbs.png used on input line 148.
(pdftex.def)             Requested size: 213.39568pt x 117.92955pt.

<figures/sp_markers.png, id=1062, 549.05125pt x 631.35875pt>
File: figures/sp_markers.png Graphic file (type png)

<use figures/sp_markers.png>
Package pdftex.def Info: figures/sp_markers.png used on input line 157.
(pdftex.def)             Requested size: 170.71393pt x 196.29721pt.

<figures/rio_markers.png, id=1063, 641.39626pt x 377.41pt>
File: figures/rio_markers.png Graphic file (type png)

<use figures/rio_markers.png>
Package pdftex.def Info: figures/rio_markers.png used on input line 164.
(pdftex.def)             Requested size: 213.39568pt x 125.56499pt.

<figures/sp_points.png, id=1064, 837.1275pt x 741.77126pt>
File: figures/sp_points.png Graphic file (type png)

<use figures/sp_points.png>
Package pdftex.def Info: figures/sp_points.png used on input line 173.
(pdftex.def)             Requested size: 170.71393pt x 151.26047pt.

<figures/rio_points.png, id=1065, 1343.0175pt x 762.85pt>
File: figures/rio_points.png Graphic file (type png)

<use figures/rio_points.png>
Package pdftex.def Info: figures/rio_points.png used on input line 180.
(pdftex.def)             Requested size: 213.39568pt x 121.20876pt.

<figures/nyc_bbs.png, id=1066, 897.3525pt x 862.22125pt>
File: figures/nyc_bbs.png Graphic file (type png)

<use figures/nyc_bbs.png>
Package pdftex.def Info: figures/nyc_bbs.png used on input line 193.
(pdftex.def)             Requested size: 128.0387pt x 123.02568pt.

<figures/london_bbs.png, id=1067, 779.91376pt x 571.13374pt>
File: figures/london_bbs.png Graphic file (type png)

<use figures/london_bbs.png>
Package pdftex.def Info: figures/london_bbs.png used on input line 200.
(pdftex.def)             Requested size: 128.0387pt x 93.7624pt.

<figures/melbourne_bbs.png, id=1068, 420.57124pt x 491.8375pt>
File: figures/melbourne_bbs.png Graphic file (type png)

<use figures/melbourne_bbs.png>
Package pdftex.def Info: figures/melbourne_bbs.png used on input line 207.
(pdftex.def)             Requested size: 128.0387pt x 149.73628pt.

<figures/nyc_markers.png, id=1069, 901.3675pt x 884.30376pt>
File: figures/nyc_markers.png Graphic file (type png)

<use figures/nyc_markers.png>
Package pdftex.def Info: figures/nyc_markers.png used on input line 217.
(pdftex.def)             Requested size: 128.0387pt x 125.60979pt.

<figures/london_markers.png, id=1070, 714.67pt x 547.04375pt>
File: figures/london_markers.png Graphic file (type png)

<use figures/london_markers.png>
Package pdftex.def Info: figures/london_markers.png used on input line 224.
(pdftex.def)             Requested size: 128.0387pt x 98.00452pt.

<figures/melbourne_markers.png, id=1071, 517.935pt x 528.97626pt>
File: figures/melbourne_markers.png Graphic file (type png)

<use figures/melbourne_markers.png>
Package pdftex.def Info: figures/melbourne_markers.png used on input line 231.
(pdftex.def)             Requested size: 128.0387pt x 130.76665pt.

<figures/nyc_points.png, id=1072, 741.77126pt x 642.4pt>
File: figures/nyc_points.png Graphic file (type png)

<use figures/nyc_points.png>
Package pdftex.def Info: figures/nyc_points.png used on input line 240.
(pdftex.def)             Requested size: 128.0387pt x 110.88274pt.

<figures/london_points.png, id=1073, 640.3925pt x 545.03625pt>
File: figures/london_points.png Graphic file (type png)

<use figures/london_points.png>
Package pdftex.def Info: figures/london_points.png used on input line 247.
(pdftex.def)             Requested size: 128.0387pt x 108.97205pt.

<figures/melbourne_points.png, id=1074, 409.53pt x 513.92pt>
File: figures/melbourne_points.png Graphic file (type png)

<use figures/melbourne_points.png>
Package pdftex.def Info: figures/melbourne_points.png used on input line 254.
(pdftex.def)             Requested size: 128.0387pt x 160.67801pt.

<figures/rio_sp_whole_months.png, id=1075, 1175.8329pt x 716.9184pt>
File: figures/rio_sp_whole_months.png Graphic file (type png)

<use figures/rio_sp_whole_months.png>
Package pdftex.def Info: figures/rio_sp_whole_months.png used on input line 270
.
(pdftex.def)             Requested size: 341.43437pt x 208.17448pt.

<figures/nyc_london_melbourne_whole_months.png, id=1077, 1175.8329pt x 716.9184
pt>
File: figures/nyc_london_melbourne_whole_months.png Graphic file (type png)
 <use figures/nyc_london_melbourne_whole_months.png>
Package pdftex.def Info: figures/nyc_london_melbourne_whole_months.png used on 
input line 276.
(pdftex.def)             Requested size: 341.43437pt x 208.17448pt.

<figures/rio_box_plt_day_of_week.png, id=1081, 1175.8329pt x 716.9184pt>
File: figures/rio_box_plt_day_of_week.png Graphic file (type png)

<use figures/rio_box_plt_day_of_week.png>
Package pdftex.def Info: figures/rio_box_plt_day_of_week.png used on input line
 291.
(pdftex.def)             Requested size: 192.0548pt x 117.09404pt.

<figures/sp_box_plt_day_of_week.png, id=1082, 1175.8329pt x 716.9184pt>
File: figures/sp_box_plt_day_of_week.png Graphic file (type png)

<use figures/sp_box_plt_day_of_week.png>
Package pdftex.def Info: figures/sp_box_plt_day_of_week.png used on input line 
298.
(pdftex.def)             Requested size: 192.0548pt x 117.09404pt.

<figures/nyc_box_plt_day_of_week.png, id=1083, 1175.8329pt x 716.9184pt>
File: figures/nyc_box_plt_day_of_week.png Graphic file (type png)

<use figures/nyc_box_plt_day_of_week.png>
Package pdftex.def Info: figures/nyc_box_plt_day_of_week.png used on input line
 307.
(pdftex.def)             Requested size: 192.0548pt x 117.09404pt.

<figures/london_box_plt_day_of_week.png, id=1084, 1175.8329pt x 716.9184pt>
File: figures/london_box_plt_day_of_week.png Graphic file (type png)

<use figures/london_box_plt_day_of_week.png>
Package pdftex.def Info: figures/london_box_plt_day_of_week.png used on input l
ine 314.
(pdftex.def)             Requested size: 192.0548pt x 117.09404pt.

<figures/melbourne_box_plt_day_of_week.png, id=1085, 1175.8329pt x 716.9184pt>
File: figures/melbourne_box_plt_day_of_week.png Graphic file (type png)

<use figures/melbourne_box_plt_day_of_week.png>
Package pdftex.def Info: figures/melbourne_box_plt_day_of_week.png used on inpu
t line 323.
(pdftex.def)             Requested size: 192.0548pt x 117.09404pt.
 [33] [34 <./figures/sp_bbs.png> <./figures/rio_bbs.png> <./figures/sp_markers.
png> <./figures/rio_markers.png> <./figures/sp_points.png> <./figures/rio_point
s.png>] [35 <./figures/nyc_bbs.png> <./figures/london_bbs.png> <./figures/melbo
urne_bbs.png> <./figures/nyc_markers.png> <./figures/london_markers.png> <./fig
ures/melbourne_markers.png> <./figures/nyc_points.png> <./figures/london_points
.png> <./figures/melbourne_points.png>] [36 <./figures/rio_sp_whole_months.png>
 <./figures/nyc_london_melbourne_whole_months.png>] [37 <./figures/rio_box_plt_
day_of_week.png> <./figures/sp_box_plt_day_of_week.png> <./figures/nyc_box_plt_
day_of_week.png> <./figures/london_box_plt_day_of_week.png> <./figures/melbourn
e_box_plt_day_of_week.png>]
<figures/rio_box_plt_hour_of_day.png, id=1117, 1175.8329pt x 716.9184pt>
File: figures/rio_box_plt_hour_of_day.png Graphic file (type png)

<use figures/rio_box_plt_hour_of_day.png>
Package pdftex.def Info: figures/rio_box_plt_hour_of_day.png used on input line
 338.
(pdftex.def)             Requested size: 192.0548pt x 117.09404pt.

<figures/sp_box_plt_hour_of_day.png, id=1118, 1175.8329pt x 716.9184pt>
File: figures/sp_box_plt_hour_of_day.png Graphic file (type png)

<use figures/sp_box_plt_hour_of_day.png>
Package pdftex.def Info: figures/sp_box_plt_hour_of_day.png used on input line 
345.
(pdftex.def)             Requested size: 192.0548pt x 117.09404pt.

<figures/nyc_box_plt_hour_of_day.png, id=1119, 1175.8329pt x 716.9184pt>
File: figures/nyc_box_plt_hour_of_day.png Graphic file (type png)

<use figures/nyc_box_plt_hour_of_day.png>
Package pdftex.def Info: figures/nyc_box_plt_hour_of_day.png used on input line
 354.
(pdftex.def)             Requested size: 192.0548pt x 117.09404pt.

<figures/london_box_plt_hour_of_day.png, id=1120, 1175.8329pt x 716.9184pt>
File: figures/london_box_plt_hour_of_day.png Graphic file (type png)

<use figures/london_box_plt_hour_of_day.png>
Package pdftex.def Info: figures/london_box_plt_hour_of_day.png used on input l
ine 361.
(pdftex.def)             Requested size: 192.0548pt x 117.09404pt.

<figures/melbourne_box_plt_hour_of_day.png, id=1121, 1175.8329pt x 716.9184pt>
File: figures/melbourne_box_plt_hour_of_day.png Graphic file (type png)

<use figures/melbourne_box_plt_hour_of_day.png>
Package pdftex.def Info: figures/melbourne_box_plt_hour_of_day.png used on inpu
t line 370.
(pdftex.def)             Requested size: 192.0548pt x 117.09404pt.
 [38 <./figures/rio_box_plt_hour_of_day.png> <./figures/sp_box_plt_hour_of_day.
png> <./figures/nyc_box_plt_hour_of_day.png> <./figures/london_box_plt_hour_of_
day.png> <./figures/melbourne_box_plt_hour_of_day.png>]
<figures/rio_loglog_users.png, id=1139, 1175.8329pt x 716.9184pt>
File: figures/rio_loglog_users.png Graphic file (type png)

<use figures/rio_loglog_users.png>
Package pdftex.def Info: figures/rio_loglog_users.png used on input line 395.
(pdftex.def)             Requested size: 192.0548pt x 117.09404pt.

<figures/sp_loglog_users.png, id=1140, 1175.8329pt x 716.9184pt>
File: figures/sp_loglog_users.png Graphic file (type png)

<use figures/sp_loglog_users.png>
Package pdftex.def Info: figures/sp_loglog_users.png used on input line 402.
(pdftex.def)             Requested size: 192.0548pt x 117.09404pt.

<figures/nyc_loglog_users.png, id=1141, 1175.8329pt x 716.9184pt>
File: figures/nyc_loglog_users.png Graphic file (type png)

<use figures/nyc_loglog_users.png>
Package pdftex.def Info: figures/nyc_loglog_users.png used on input line 411.
(pdftex.def)             Requested size: 192.0548pt x 117.09404pt.

<figures/london_loglog_users.png, id=1142, 1175.8329pt x 716.9184pt>
File: figures/london_loglog_users.png Graphic file (type png)

<use figures/london_loglog_users.png>
Package pdftex.def Info: figures/london_loglog_users.png used on input line 418
.
(pdftex.def)             Requested size: 192.0548pt x 117.09404pt.

<figures/melbourne_loglog_users.png, id=1143, 1175.8329pt x 716.9184pt>
File: figures/melbourne_loglog_users.png Graphic file (type png)

<use figures/melbourne_loglog_users.png>
Package pdftex.def Info: figures/melbourne_loglog_users.png used on input line 
427.
(pdftex.def)             Requested size: 192.0548pt x 117.09404pt.


LaTeX Warning: `h' float specifier changed to `ht'.

[39]
Underfull \vbox (badness 2503) has occurred while \output is active []

 [40 <./figures/rio_loglog_users.png> <./figures/sp_loglog_users.png> <./figure
s/nyc_loglog_users.png> <./figures/london_loglog_users.png> <./figures/melbourn
e_loglog_users.png>]) [41]
\openout2 = `chapter4.aux'.

 (./chapter4.tex [42



]
Chapter 5.
\openout5 = `mieic-en.mtc'.

\openout5 = `mieic-en.mtc'.

(./mieic-en.mtc5) [43] [44] [45] [46]
LaTeX Font Info:    Font shape `T1/ptm/bx/n' in size <9> not available
(Font)              Font shape `T1/ptm/b/n' tried instead on input line 120.

<figures/roc_auc_brazilian_travel_related.png, id=1206, 462.528pt x 346.896pt>
File: figures/roc_auc_brazilian_travel_related.png Graphic file (type png)

<use figures/roc_auc_brazilian_travel_related.png>
Package pdftex.def Info: figures/roc_auc_brazilian_travel_related.png used on i
nput line 138.
(pdftex.def)             Requested size: 298.75264pt x 224.07703pt.
 [47 <./figures/roc_auc_brazilian_travel_related.png>]
<figures/predicted_day_of_week.png, id=1215, 1340.6085pt x 738.5994pt>
File: figures/predicted_day_of_week.png Graphic file (type png)

<use figures/predicted_day_of_week.png>
Package pdftex.def Info: figures/predicted_day_of_week.png used on input line 1
49.
(pdftex.def)             Requested size: 298.75264pt x 164.58861pt.

<figures/rio_1.png, id=1216, 854.19125pt x 792.9625pt>
File: figures/rio_1.png Graphic file (type png)
 <use figures/rio_1.png>
Package pdftex.def Info: figures/rio_1.png used on input line 156.
(pdftex.def)             Requested size: 309.42633pt x 287.24492pt.

<figures/sp_1.png, id=1217, 780.9175pt x 783.92876pt>
File: figures/sp_1.png Graphic file (type png)
 <use figures/sp_1.png>
Package pdftex.def Info: figures/sp_1.png used on input line 163.
(pdftex.def)             Requested size: 309.42633pt x 310.61139pt.


LaTeX Warning: `h' float specifier changed to `ht'.

[48 <./figures/predicted_day_of_week.png> <./figures/rio_1.png>]
Underfull \vbox (badness 7151) has occurred while \output is active []

 [49 <./figures/sp_1.png>] [50]
LaTeX Font Info:    Font shape `T1/ptm/bx/it' in size <12> not available
(Font)              Font shape `T1/ptm/b/it' tried instead on input line 223.
 [51]
<figures/svm_linear_leave_one_out_emb_200.png, id=1247, 451.6875pt x 316.18124p
t>
File: figures/svm_linear_leave_one_out_emb_200.png Graphic file (type png)
 <use figures/svm_linear_leave_one_out_emb_200.png>
Package pdftex.def Info: figures/svm_linear_leave_one_out_emb_200.png used on i
nput line 267.
(pdftex.def)             Requested size: 316.17908pt x 221.32535pt.
 [52]
<figures/nyc_map.png, id=1256, 968.61874pt x 557.08125pt>
File: figures/nyc_map.png Graphic file (type png)

<use figures/nyc_map.png>
Package pdftex.def Info: figures/nyc_map.png used on input line 296.
(pdftex.def)             Requested size: 307.28885pt x 176.73108pt.

<figures/nyc_map2.png, id=1257, 979.66pt x 613.29124pt>
File: figures/nyc_map2.png Graphic file (type png)

<use figures/nyc_map2.png>
Package pdftex.def Info: figures/nyc_map2.png used on input line 306.
(pdftex.def)             Requested size: 307.28885pt x 192.36424pt.
 [53 <./figures/svm_linear_leave_one_out_emb_200.png>] [54 <./figures/nyc_map.p
ng> <./figures/nyc_map2.png>] [55]

LaTeX Warning: Reference `fig:pipeline_lda' on page 56 undefined on input line 
360.

[56] [57]
Underfull \vbox (badness 3568) has occurred while \output is active []

 [58]
<figures/rio_topics_heatmap.png, id=1289, 1069.9975pt x 883.3pt>
File: figures/rio_topics_heatmap.png Graphic file (type png)

<use figures/rio_topics_heatmap.png>
Package pdftex.def Info: figures/rio_topics_heatmap.png used on input line 451.

(pdftex.def)             Requested size: 209.1301pt x 172.64041pt.

<figures/sp_topics_heatmap.png, id=1290, 1026.83624pt x 882.29625pt>
File: figures/sp_topics_heatmap.png Graphic file (type png)

<use figures/sp_topics_heatmap.png>
Package pdftex.def Info: figures/sp_topics_heatmap.png used on input line 456.
(pdftex.def)             Requested size: 209.1301pt x 179.68718pt.
 [59 <./figures/rio_topics_heatmap.png> <./figures/sp_topics_heatmap.png>]) [60
]
\openout2 = `chapter5.aux'.

 (./chapter5.tex
Chapter 6.
\openout5 = `mieic-en.mtc'.

\openout5 = `mieic-en.mtc'.

(./mieic-en.mtc6) [61



]) [62]
\openout2 = `nomenclature.aux'.

 (./nomenclature.tex

! Package inputenc Error: Unicode char  (U+2212)
(inputenc)                not set up for use with LaTeX.

See the inputenc package documentation for explanation.
Type  H <return>  for immediate help.
 ...                                              
                                                  
l.1 ...en upper and lower quartiles, $IQR = Q3 
                                                    Q1$
Your command was ignored.
Type  I <command> <return>  to replace it with another command,
or  <return>  to continue without it.

) [63


]
No file mieic-en.nls.
[64


] (./mieic-en.bbl (./mieic-en.brf)
\tf@brf=\write10
\openout10 = `mieic-en.brf'.

 [65

] [66] [67] [68]
Underfull \hbox (badness 10000) in paragraph at lines 351--351
\T1/pcrs/m/n/10.95 / / www . sciencedaily . com / releases / 2013 / 05 / 130522
085217 . htm$[][]\T1/ptm/m/n/10.95 ,
 []


Package lineno Warning: Linenumber reference failed, 
(lineno)                rerun to get it right.

[69])
Package minitoc Info: I0009
(minitoc)             Listing minitoc auxiliary files. 
(minitoc)             Creating the mieic-en.maf file.
\openout5 = `mieic-en.maf'.



Package minitoc(hints) Warning: W0024
(minitoc(hints))                Some hints have been written 
(minitoc(hints))                in the mieic-en.log file.

Package atveryend Info: Empty hook `BeforeClearDocument' on input line 209.
[70]
Package atveryend Info: Empty hook `AfterLastShipout' on input line 209.
 (./mieic-en.aux (./abstract_en.aux) (./acknows_en.aux) (./quote.aux)
(./abbrevs_en.aux) (./chapter1.aux) (./chapter2.aux) (./chapter3.aux)
(./exploratory_analysis.aux) (./chapter4.aux) (./chapter5.aux)
(./nomenclature.aux))
Package atveryend Info: Executing hook `AtVeryEndDocument' on input line 209.
Package atveryend Info: Executing hook `AtEndAfterFileList' on input line 209.
Package rerunfilecheck Info: File `mieic-en.out' has not changed.
(rerunfilecheck)             Checksum: CEE8773D5CEC668D1E92719583C2712A;4590.


Package rerunfilecheck Warning: File `mieic-en.brf' has changed.
(rerunfilecheck)                Rerun to get bibliographical references right.

Package rerunfilecheck Info: Checksums for `mieic-en.brf':
(rerunfilecheck)             Before: 271F7C5F8B896743756F7F3073AC50B5;6724
(rerunfilecheck)             After:  1BB23A350F040FB471504FA77EAFE78B;6725.

LaTeX Warning: There were undefined references.

Package atveryend Info: Empty hook `AtVeryVeryEnd' on input line 209.
 ) 
Here is how much of TeX's memory you used:
 13697 strings out of 493029
 205292 string characters out of 6136234
 317192 words of memory out of 5000000
 16340 multiletter control sequences out of 15000+600000
 106194 words of font info for 147 fonts, out of 8000000 for 9000
 1141 hyphenation exceptions out of 8191
 36i,16n,49p,2950b,574s stack positions out of 5000i,500n,10000p,200000b,80000s
pdfTeX warning (dest): name{Hfootnote.18} has been referenced but does not ex
ist, replaced by a fixed one

pdfTeX warning (dest): name{Hfootnote.17} has been referenced but does not exis
t, replaced by a fixed one

pdfTeX warning (dest): name{Hfootnote.16} has been referenced but does not exis
t, replaced by a fixed one

pdfTeX warning (dest): name{Hfootnote.15} has been referenced but does not exis
t, replaced by a fixed one

pdfTeX warning (dest): name{Hfootnote.14} has been referenced but does not exis
t, replaced by a fixed one

pdfTeX warning (dest): name{Hfootnote.13} has been referenced but does not exis
t, replaced by a fixed one

pdfTeX warning (dest): name{Hfootnote.12} has been referenced but does not exis
t, replaced by a fixed one

pdfTeX warning (dest): name{Hfootnote.11} has been referenced but does not exis
t, replaced by a fixed one

pdfTeX warning (dest): name{Hfootnote.10} has been referenced but does not exis
t, replaced by a fixed one

pdfTeX warning (dest): name{Hfootnote.9} has been referenced but does not exist
, replaced by a fixed one

pdfTeX warning (dest): name{Hfootnote.8} has been referenced but does not exist
, replaced by a fixed one

pdfTeX warning (dest): name{Hfootnote.7} has been referenced but does not exist
, replaced by a fixed one

pdfTeX warning (dest): name{Hfootnote.6} has been referenced but does not exist
, replaced by a fixed one

pdfTeX warning (dest): name{Hfootnote.5} has been referenced but does not exist
, replaced by a fixed one

pdfTeX warning (dest): name{Hfootnote.4} has been referenced but does not exist
, replaced by a fixed one

pdfTeX warning (dest): name{Hfootnote.3} has been referenced but does not exist
, replaced by a fixed one

pdfTeX warning (dest): name{Hfootnote.2} has been referenced but does not exist
, replaced by a fixed one

pdfTeX warning (dest): name{Hfootnote.1} has been referenced but does not exist
, replaced by a fixed one

{/usr/share/texlive/texmf-dist/fonts/enc/dvips/base/8r.enc}</usr/share/texlive/
texmf-dist/fonts/type1/public/amsfonts/cm/cmmi10.pfb></usr/share/texlive/texmf-
dist/fonts/type1/public/amsfonts/cm/cmr10.pfb></usr/share/texlive/texmf-dist/fo
nts/type1/public/amsfonts/cm/cmsy10.pfb></usr/share/texlive/texmf-dist/fonts/ty
pe1/urw/courier/ucrr8a.pfb></usr/share/texlive/texmf-dist/fonts/type1/urw/helve
tic/uhvr8a.pfb></usr/share/texlive/texmf-dist/fonts/type1/urw/symbol/usyr.pfb><
/usr/share/texlive/texmf-dist/fonts/type1/urw/symbol/usyr.pfb></usr/share/texli
ve/texmf-dist/fonts/type1/urw/times/utmb8a.pfb></usr/share/texlive/texmf-dist/f
onts/type1/urw/times/utmbi8a.pfb></usr/share/texlive/texmf-dist/fonts/type1/urw
/times/utmr8a.pfb></usr/share/texlive/texmf-dist/fonts/type1/urw/times/utmr8a.p
fb></usr/share/texlive/texmf-dist/fonts/type1/urw/times/utmri8a.pfb>
Output written on mieic-en.pdf (90 pages, 13878174 bytes).
PDF statistics:
 1567 PDF objects out of 1728 (max. 8388607)
 1326 compressed objects within 14 object streams
 297 named destinations out of 1000 (max. 500000)
 771 words of extra memory for PDF output out of 10000 (max. 10000000)

